This is pdfTeX, Version 3.14159265-2.6-1.40.20 (TeX Live 2019) (preloaded format=pdflatex 2020.2.29)  8 APR 2020 10:47
entering extended mode
 restricted \write18 enabled.
 file:line:error style messages enabled.
 %&-line parsing enabled.
**imagen36.tex
(./imagen36.tex
LaTeX2e <2020-02-02> patch level 5
L3 programming layer <2020-02-25>
./imagen36.tex:3: Undefined control sequence.
l.3 \thisfloatsetup
                   {%
? 
./imagen36.tex:3: Emergency stop.
l.3 \thisfloatsetup
                   {%
End of file on the terminal!

 
Here is how much of TeX's memory you used:
 16 strings out of 480994
 386 string characters out of 5912142
 237785 words of memory out of 5000000
 15629 multiletter control sequences out of 15000+600000
 532338 words of font info for 24 fonts, out of 8000000 for 9000
 1141 hyphenation exceptions out of 8191
 12i,0n,15p,72b,8s stack positions out of 5000i,500n,10000p,200000b,80000s
./imagen36.tex:3:  ==> Fatal error occurred, no output PDF file produced!
